2025-08-29 17:40:37,406 - __main__ - INFO - Found 9 Excel files to process
2025-08-29 17:40:37,407 - __main__ - INFO - Processing C:\etl\data\input\sales\cash_invoices\detailed\2025\january\detci_01_05_january_2025.xls
2025-08-29 17:40:41,439 - __main__ - INFO - Processing C:\etl\data\input\sales\cash_invoices\detailed\2025\january\detci_01_05_january_2025.xls with 1 sheets
2025-08-29 17:40:47,275 - __main__ - INFO - Converted sheet 'nextech' to C:\etl\data\output\sales\cash_invoices\detailed\2025\january\detci_01_05_january_2025_nextech.parquet
2025-08-29 17:40:47,421 - __main__ - INFO - Processing C:\etl\data\input\sales\cash_invoices\detailed\2025\january\detci_06_08_january_2025.xls
2025-08-29 17:40:50,962 - __main__ - INFO - Processing C:\etl\data\input\sales\cash_invoices\detailed\2025\january\detci_06_08_january_2025.xls with 1 sheets
2025-08-29 17:40:56,533 - __main__ - INFO - Converted sheet 'nextech' to C:\etl\data\output\sales\cash_invoices\detailed\2025\january\detci_06_08_january_2025_nextech.parquet
2025-08-29 17:40:56,653 - __main__ - INFO - Processing C:\etl\data\input\sales\cash_invoices\detailed\2025\january\detci_09_11_january_2025.xls
2025-08-29 17:40:59,698 - __main__ - INFO - Processing C:\etl\data\input\sales\cash_invoices\detailed\2025\january\detci_09_11_january_2025.xls with 1 sheets
2025-08-29 17:41:06,132 - __main__ - INFO - Converted sheet 'nextech' to C:\etl\data\output\sales\cash_invoices\detailed\2025\january\detci_09_11_january_2025_nextech.parquet
2025-08-29 17:41:06,263 - __main__ - INFO - Processing C:\etl\data\input\sales\cash_invoices\detailed\2025\january\detci_12_15_january_2025.xls
2025-08-29 17:41:09,552 - __main__ - INFO - Processing C:\etl\data\input\sales\cash_invoices\detailed\2025\january\detci_12_15_january_2025.xls with 1 sheets
2025-08-29 17:41:14,244 - __main__ - INFO - Converted sheet 'nextech' to C:\etl\data\output\sales\cash_invoices\detailed\2025\january\detci_12_15_january_2025_nextech.parquet
2025-08-29 17:41:14,349 - __main__ - INFO - Processing C:\etl\data\input\sales\cash_invoices\detailed\2025\january\detci_16_18_january_2025.xls
2025-08-29 17:41:17,118 - __main__ - INFO - Processing C:\etl\data\input\sales\cash_invoices\detailed\2025\january\detci_16_18_january_2025.xls with 1 sheets
2025-08-29 17:41:21,899 - __main__ - INFO - Converted sheet 'nextech' to C:\etl\data\output\sales\cash_invoices\detailed\2025\january\detci_16_18_january_2025_nextech.parquet
2025-08-29 17:41:22,001 - __main__ - INFO - Processing C:\etl\data\input\sales\cash_invoices\detailed\2025\january\detci_19_22_january_2025.xls
2025-08-29 17:41:25,620 - __main__ - INFO - Processing C:\etl\data\input\sales\cash_invoices\detailed\2025\january\detci_19_22_january_2025.xls with 1 sheets
2025-08-29 17:41:31,011 - __main__ - INFO - Converted sheet 'nextech' to C:\etl\data\output\sales\cash_invoices\detailed\2025\january\detci_19_22_january_2025_nextech.parquet
2025-08-29 17:41:31,121 - __main__ - INFO - Processing C:\etl\data\input\sales\cash_invoices\detailed\2025\january\detci_23_25_january_2025.xls
2025-08-29 17:41:34,228 - __main__ - INFO - Processing C:\etl\data\input\sales\cash_invoices\detailed\2025\january\detci_23_25_january_2025.xls with 1 sheets
2025-08-29 17:41:38,888 - __main__ - INFO - Converted sheet 'nextech' to C:\etl\data\output\sales\cash_invoices\detailed\2025\january\detci_23_25_january_2025_nextech.parquet
2025-08-29 17:41:38,995 - __main__ - INFO - Processing C:\etl\data\input\sales\cash_invoices\detailed\2025\january\detci_27_29_january_2025.xls
2025-08-29 17:41:42,351 - __main__ - INFO - Processing C:\etl\data\input\sales\cash_invoices\detailed\2025\january\detci_27_29_january_2025.xls with 1 sheets
2025-08-29 17:41:47,707 - __main__ - INFO - Converted sheet 'nextech' to C:\etl\data\output\sales\cash_invoices\detailed\2025\january\detci_27_29_january_2025_nextech.parquet
2025-08-29 17:41:47,820 - __main__ - INFO - Processing C:\etl\data\input\sales\cash_invoices\detailed\2025\january\detci_30_31_january_2025.xls
2025-08-29 17:41:49,853 - __main__ - INFO - Processing C:\etl\data\input\sales\cash_invoices\detailed\2025\january\detci_30_31_january_2025.xls with 1 sheets
2025-08-29 17:41:52,940 - __main__ - INFO - Converted sheet 'nextech' to C:\etl\data\output\sales\cash_invoices\detailed\2025\january\detci_30_31_january_2025_nextech.parquet
2025-09-02 11:00:28,517 - __main__ - INFO - Found 11 Excel files to process
2025-09-02 11:00:28,519 - __main__ - INFO - Processing C:\etl\data\input\sales\cash_invoices\summarized\2025\january\sumci_01_15_january_2025.xls
2025-09-02 11:00:30,011 - __main__ - INFO - Processing C:\etl\data\input\sales\cash_invoices\summarized\2025\january\sumci_01_15_january_2025.xls with 1 sheets
2025-09-02 11:00:32,020 - __main__ - INFO - Converted sheet 'nextech' to C:\etl\data\output\sales\cash_invoices\summarized\2025\january\sumci_01_15_january_2025_nextech.parquet
2025-09-02 11:00:32,064 - __main__ - INFO - Processing C:\etl\data\input\sales\cash_invoices\summarized\2025\january\sumci_15_31_january_2025.xls
2025-09-02 11:00:33,174 - __main__ - INFO - Processing C:\etl\data\input\sales\cash_invoices\summarized\2025\january\sumci_15_31_january_2025.xls with 1 sheets
2025-09-02 11:00:35,097 - __main__ - INFO - Converted sheet 'nextech' to C:\etl\data\output\sales\cash_invoices\summarized\2025\january\sumci_15_31_january_2025_nextech.parquet
2025-09-02 11:00:35,459 - __main__ - INFO - Skipping C:\etl\data\input\sales\cash_invoices\detailed\2025\january\detci_01_05_january_2025.xls (already processed, no changes)
2025-09-02 11:00:35,758 - __main__ - INFO - Skipping C:\etl\data\input\sales\cash_invoices\detailed\2025\january\detci_06_08_january_2025.xls (already processed, no changes)
2025-09-02 11:00:36,038 - __main__ - INFO - Skipping C:\etl\data\input\sales\cash_invoices\detailed\2025\january\detci_09_11_january_2025.xls (already processed, no changes)
2025-09-02 11:00:36,300 - __main__ - INFO - Skipping C:\etl\data\input\sales\cash_invoices\detailed\2025\january\detci_12_15_january_2025.xls (already processed, no changes)
2025-09-02 11:00:36,561 - __main__ - INFO - Skipping C:\etl\data\input\sales\cash_invoices\detailed\2025\january\detci_16_18_january_2025.xls (already processed, no changes)
2025-09-02 11:00:36,881 - __main__ - INFO - Skipping C:\etl\data\input\sales\cash_invoices\detailed\2025\january\detci_19_22_january_2025.xls (already processed, no changes)
2025-09-02 11:00:37,115 - __main__ - INFO - Skipping C:\etl\data\input\sales\cash_invoices\detailed\2025\january\detci_23_25_january_2025.xls (already processed, no changes)
2025-09-02 11:00:37,432 - __main__ - INFO - Skipping C:\etl\data\input\sales\cash_invoices\detailed\2025\january\detci_27_29_january_2025.xls (already processed, no changes)
2025-09-02 11:00:37,533 - __main__ - INFO - Skipping C:\etl\data\input\sales\cash_invoices\detailed\2025\january\detci_30_31_january_2025.xls (already processed, no changes)
